This is XeTeX, Version 3.1415926-2.3-0.9997.5 (MiKTeX 2.9) (preloaded format=xelatex 2013.9.12)  27 SEP 2013 00:55
entering extended mode
**AloneTable.tex
(D:\Job\blog\blog2\AloneTable.tex
LaTeX2e <2011/06/27>
Babel <v3.8m> and hyphenation patterns for loaded.
(D:\CTEX\MiKTeX\tex\latex\base\article.cls
Document Class: article 2007/10/19 v1.4h Standard LaTeX document class
(D:\CTEX\MiKTeX\tex\latex\base\size12.clo
File: size12.clo 2007/10/19 v1.4h Standard LaTeX file (size option)
)
\c@part=\count80
\c@section=\count81
\c@subsection=\count82
\c@subsubsection=\count83
\c@paragraph=\count84
\c@subparagraph=\count85
\c@figure=\count86
\c@table=\count87
\abovecaptionskip=\skip41
\belowcaptionskip=\skip42
\bibindent=\dimen102
)
(D:\CTEX\MiKTeX\tex\latex\pgf\frontendlayer\tikz.sty
(D:\CTEX\MiKTeX\tex\latex\pgf\basiclayer\pgf.sty
(D:\CTEX\MiKTeX\tex\latex\pgf\utilities\pgfrcs.sty
(D:\CTEX\MiKTeX\tex\generic\pgf\utilities\pgfutil-common.tex
\pgfutil@everybye=\toks14
)
(D:\CTEX\MiKTeX\tex\generic\pgf\utilities\pgfutil-latex.def
\pgfutil@abb=\box26

(D:\CTEX\MiKTeX\tex\latex\ms\everyshi.sty
Package: everyshi 2001/05/15 v3.00 EveryShipout Package (MS)
))
(D:\CTEX\MiKTeX\tex\generic\pgf\utilities\pgfrcs.code.tex
Package: pgfrcs 2010/10/25 v2.10 (rcs-revision 1.24)
))
Package: pgf 2008/01/15 v2.10 (rcs-revision 1.12)

(D:\CTEX\MiKTeX\tex\latex\pgf\basiclayer\pgfcore.sty
(D:\CTEX\MiKTeX\tex\latex\graphics\graphicx.sty
Package: graphicx 1999/02/16 v1.0f Enhanced LaTeX Graphics (DPC,SPQR)

(D:\CTEX\MiKTeX\tex\latex\graphics\keyval.sty
Package: keyval 1999/03/16 v1.13 key=value parser (DPC)
\KV@toks@=\toks15
)
(D:\CTEX\MiKTeX\tex\latex\graphics\graphics.sty
Package: graphics 2009/02/05 v1.0o Standard LaTeX Graphics (DPC,SPQR)

(D:\CTEX\MiKTeX\tex\latex\graphics\trig.sty
Package: trig 1999/03/16 v1.09 sin cos tan (DPC)
)
(D:\CTEX\MiKTeX\tex\latex\00miktex\graphics.cfg
File: graphics.cfg 2007/01/18 v1.5 graphics configuration of teTeX/TeXLive
)
Package graphics Info: Driver file: xetex.def on input line 91.

(D:\CTEX\MiKTeX\tex\xelatex\xetex-def\xetex.def
File: xetex.def 2009/11/22 v0.94 LaTeX color/graphics driver for XeTeX (RRM/JK)

))
\Gin@req@height=\dimen103
\Gin@req@width=\dimen104
)
(D:\CTEX\MiKTeX\tex\latex\pgf\systemlayer\pgfsys.sty
(D:\CTEX\MiKTeX\tex\generic\pgf\systemlayer\pgfsys.code.tex
Package: pgfsys 2010/06/30 v2.10 (rcs-revision 1.37)

(D:\CTEX\MiKTeX\tex\generic\pgf\utilities\pgfkeys.code.tex
\pgfkeys@pathtoks=\toks16
\pgfkeys@temptoks=\toks17

(D:\CTEX\MiKTeX\tex\generic\pgf\utilities\pgfkeysfiltered.code.tex
\pgfkeys@tmptoks=\toks18
))
\pgf@x=\dimen105
\pgf@y=\dimen106
\pgf@xa=\dimen107
\pgf@ya=\dimen108
\pgf@xb=\dimen109
\pgf@yb=\dimen110
\pgf@xc=\dimen111
\pgf@yc=\dimen112
\w@pgf@writea=\write3
\r@pgf@reada=\read1
\c@pgf@counta=\count88
\c@pgf@countb=\count89
\c@pgf@countc=\count90
\c@pgf@countd=\count91

(D:\CTEX\MiKTeX\tex\generic\pgf\systemlayer\pgf.cfg
File: pgf.cfg 2008/05/14  (rcs-revision 1.7)
)
Package pgfsys Info: Driver file for pgf: pgfsys-xetex.def on input line 900.

(D:\CTEX\MiKTeX\tex\generic\pgf\systemlayer\pgfsys-xetex.def
File: pgfsys-xetex.def 2010/02/16  (rcs-revision 1.3)

(D:\CTEX\MiKTeX\tex\generic\pgf\systemlayer\pgfsys-common-pdf.def
File: pgfsys-common-pdf.def 2008/05/19  (rcs-revision 1.10)
)
(D:\CTEX\MiKTeX\tex\generic\pgf\systemlayer\pgfsys-common-pdf-via-dvi.def
File: pgfsys-common-pdf-via-dvi.def 2008/05/19  (rcs-revision 1.7)
)))
(D:\CTEX\MiKTeX\tex\generic\pgf\systemlayer\pgfsyssoftpath.code.tex
File: pgfsyssoftpath.code.tex 2008/07/18  (rcs-revision 1.7)
\pgfsyssoftpath@smallbuffer@items=\count92
\pgfsyssoftpath@bigbuffer@items=\count93
)
(D:\CTEX\MiKTeX\tex\generic\pgf\systemlayer\pgfsysprotocol.code.tex
File: pgfsysprotocol.code.tex 2006/10/16  (rcs-revision 1.4)
))
(D:\CTEX\MiKTeX\tex\latex\xcolor\xcolor.sty
Package: xcolor 2007/01/21 v2.11 LaTeX color extensions (UK)

(D:\CTEX\MiKTeX\tex\latex\00miktex\color.cfg
File: color.cfg 2007/01/18 v1.5 color configuration of teTeX/TeXLive
)
Package xcolor Info: Driver file: xetex.def on input line 225.
Package xcolor Info: Model `cmy' substituted by `cmy0' on input line 1337.
Package xcolor Info: Model `RGB' extended on input line 1353.
Package xcolor Info: Model `HTML' substituted by `rgb' on input line 1355.
Package xcolor Info: Model `Hsb' substituted by `hsb' on input line 1356.
Package xcolor Info: Model `tHsb' substituted by `hsb' on input line 1357.
Package xcolor Info: Model `HSB' substituted by `hsb' on input line 1358.
Package xcolor Info: Model `Gray' substituted by `gray' on input line 1359.
Package xcolor Info: Model `wave' substituted by `hsb' on input line 1360.
)
(D:\CTEX\MiKTeX\tex\generic\pgf\basiclayer\pgfcore.code.tex
Package: pgfcore 2010/04/11 v2.10 (rcs-revision 1.7)

(D:\CTEX\MiKTeX\tex\generic\pgf\math\pgfmath.code.tex
(D:\CTEX\MiKTeX\tex\generic\pgf\math\pgfmathcalc.code.tex
(D:\CTEX\MiKTeX\tex\generic\pgf\math\pgfmathutil.code.tex)
(D:\CTEX\MiKTeX\tex\generic\pgf\math\pgfmathparser.code.tex
\pgfmath@dimen=\dimen113
\pgfmath@count=\count94
\pgfmath@box=\box27
\pgfmath@toks=\toks19
\pgfmath@stack@operand=\toks20
\pgfmath@stack@operation=\toks21
)
(D:\CTEX\MiKTeX\tex\generic\pgf\math\pgfmathfunctions.code.tex
(D:\CTEX\MiKTeX\tex\generic\pgf\math\pgfmathfunctions.basic.code.tex)
(D:\CTEX\MiKTeX\tex\generic\pgf\math\pgfmathfunctions.trigonometric.code.tex)
(D:\CTEX\MiKTeX\tex\generic\pgf\math\pgfmathfunctions.random.code.tex)
(D:\CTEX\MiKTeX\tex\generic\pgf\math\pgfmathfunctions.comparison.code.tex)
(D:\CTEX\MiKTeX\tex\generic\pgf\math\pgfmathfunctions.base.code.tex)
(D:\CTEX\MiKTeX\tex\generic\pgf\math\pgfmathfunctions.round.code.tex)
(D:\CTEX\MiKTeX\tex\generic\pgf\math\pgfmathfunctions.misc.code.tex)))
(D:\CTEX\MiKTeX\tex\generic\pgf\math\pgfmathfloat.code.tex
\c@pgfmathroundto@lastzeros=\count95
))
(D:\CTEX\MiKTeX\tex\generic\pgf\basiclayer\pgfcorepoints.code.tex
File: pgfcorepoints.code.tex 2010/04/09  (rcs-revision 1.20)
\pgf@picminx=\dimen114
\pgf@picmaxx=\dimen115
\pgf@picminy=\dimen116
\pgf@picmaxy=\dimen117
\pgf@pathminx=\dimen118
\pgf@pathmaxx=\dimen119
\pgf@pathminy=\dimen120
\pgf@pathmaxy=\dimen121
\pgf@xx=\dimen122
\pgf@xy=\dimen123
\pgf@yx=\dimen124
\pgf@yy=\dimen125
\pgf@zx=\dimen126
\pgf@zy=\dimen127
)
(D:\CTEX\MiKTeX\tex\generic\pgf\basiclayer\pgfcorepathconstruct.code.tex
File: pgfcorepathconstruct.code.tex 2010/08/03  (rcs-revision 1.24)
\pgf@path@lastx=\dimen128
\pgf@path@lasty=\dimen129
)
(D:\CTEX\MiKTeX\tex\generic\pgf\basiclayer\pgfcorepathusage.code.tex
File: pgfcorepathusage.code.tex 2008/04/22  (rcs-revision 1.12)
\pgf@shorten@end@additional=\dimen130
\pgf@shorten@start@additional=\dimen131
)
(D:\CTEX\MiKTeX\tex\generic\pgf\basiclayer\pgfcorescopes.code.tex
File: pgfcorescopes.code.tex 2010/09/08  (rcs-revision 1.34)
\pgfpic=\box28
\pgf@hbox=\box29
\pgf@layerbox@main=\box30
\pgf@picture@serial@count=\count96
)
(D:\CTEX\MiKTeX\tex\generic\pgf\basiclayer\pgfcoregraphicstate.code.tex
File: pgfcoregraphicstate.code.tex 2008/04/22  (rcs-revision 1.9)
\pgflinewidth=\dimen132
)
(D:\CTEX\MiKTeX\tex\generic\pgf\basiclayer\pgfcoretransformations.code.tex
File: pgfcoretransformations.code.tex 2009/06/10  (rcs-revision 1.11)
\pgf@pt@x=\dimen133
\pgf@pt@y=\dimen134
\pgf@pt@temp=\dimen135
)
(D:\CTEX\MiKTeX\tex\generic\pgf\basiclayer\pgfcorequick.code.tex
File: pgfcorequick.code.tex 2008/10/09  (rcs-revision 1.3)
)
(D:\CTEX\MiKTeX\tex\generic\pgf\basiclayer\pgfcoreobjects.code.tex
File: pgfcoreobjects.code.tex 2006/10/11  (rcs-revision 1.2)
)
(D:\CTEX\MiKTeX\tex\generic\pgf\basiclayer\pgfcorepathprocessing.code.tex
File: pgfcorepathprocessing.code.tex 2008/10/09  (rcs-revision 1.8)
)
(D:\CTEX\MiKTeX\tex\generic\pgf\basiclayer\pgfcorearrows.code.tex
File: pgfcorearrows.code.tex 2008/04/23  (rcs-revision 1.11)
)
(D:\CTEX\MiKTeX\tex\generic\pgf\basiclayer\pgfcoreshade.code.tex
File: pgfcoreshade.code.tex 2008/11/23  (rcs-revision 1.13)
\pgf@max=\dimen136
\pgf@sys@shading@range@num=\count97
)
(D:\CTEX\MiKTeX\tex\generic\pgf\basiclayer\pgfcoreimage.code.tex
File: pgfcoreimage.code.tex 2010/03/25  (rcs-revision 1.16)

(D:\CTEX\MiKTeX\tex\generic\pgf\basiclayer\pgfcoreexternal.code.tex
File: pgfcoreexternal.code.tex 2010/09/01  (rcs-revision 1.17)
\pgfexternal@startupbox=\box31
))
(D:\CTEX\MiKTeX\tex\generic\pgf\basiclayer\pgfcorelayers.code.tex
File: pgfcorelayers.code.tex 2010/08/27  (rcs-revision 1.2)
)
(D:\CTEX\MiKTeX\tex\generic\pgf\basiclayer\pgfcoretransparency.code.tex
File: pgfcoretransparency.code.tex 2008/01/17  (rcs-revision 1.2)
)
(D:\CTEX\MiKTeX\tex\generic\pgf\basiclayer\pgfcorepatterns.code.tex
File: pgfcorepatterns.code.tex 2009/07/02  (rcs-revision 1.3)
)))
(D:\CTEX\MiKTeX\tex\generic\pgf\modules\pgfmoduleshapes.code.tex
File: pgfmoduleshapes.code.tex 2010/09/09  (rcs-revision 1.13)
\pgfnodeparttextbox=\box32
)
(D:\CTEX\MiKTeX\tex\generic\pgf\modules\pgfmoduleplot.code.tex
File: pgfmoduleplot.code.tex 2010/10/22  (rcs-revision 1.8)
)
(D:\CTEX\MiKTeX\tex\latex\pgf\compatibility\pgfcomp-version-0-65.sty
Package: pgfcomp-version-0-65 2007/07/03 v2.10 (rcs-revision 1.7)
\pgf@nodesepstart=\dimen137
\pgf@nodesepend=\dimen138
)
(D:\CTEX\MiKTeX\tex\latex\pgf\compatibility\pgfcomp-version-1-18.sty
Package: pgfcomp-version-1-18 2007/07/23 v2.10 (rcs-revision 1.1)
))
(D:\CTEX\MiKTeX\tex\latex\pgf\utilities\pgffor.sty
(D:\CTEX\MiKTeX\tex\latex\pgf\utilities\pgfkeys.sty
(D:\CTEX\MiKTeX\tex\generic\pgf\utilities\pgfkeys.code.tex))
(D:\CTEX\MiKTeX\tex\generic\pgf\utilities\pgffor.code.tex
Package: pgffor 2010/03/23 v2.10 (rcs-revision 1.18)
\pgffor@iter=\dimen139
\pgffor@skip=\dimen140
\pgffor@stack=\toks22
\pgffor@toks=\toks23
))
(D:\CTEX\MiKTeX\tex\generic\pgf\frontendlayer\tikz\tikz.code.tex
Package: tikz 2010/10/13 v2.10 (rcs-revision 1.76)

(D:\CTEX\MiKTeX\tex\generic\pgf\libraries\pgflibraryplothandlers.code.tex
File: pgflibraryplothandlers.code.tex 2010/05/31 v2.10 (rcs-revision 1.15)
\pgf@plot@mark@count=\count98
\pgfplotmarksize=\dimen141
)
\tikz@lastx=\dimen142
\tikz@lasty=\dimen143
\tikz@lastxsaved=\dimen144
\tikz@lastysaved=\dimen145
\tikzleveldistance=\dimen146
\tikzsiblingdistance=\dimen147
\tikz@figbox=\box33
\tikz@tempbox=\box34
\tikztreelevel=\count99
\tikznumberofchildren=\count100
\tikznumberofcurrentchild=\count101
\tikz@fig@count=\count102

(D:\CTEX\MiKTeX\tex\generic\pgf\modules\pgfmodulematrix.code.tex
File: pgfmodulematrix.code.tex 2010/08/24  (rcs-revision 1.4)
\pgfmatrixcurrentrow=\count103
\pgfmatrixcurrentcolumn=\count104
\pgf@matrix@numberofcolumns=\count105
)
\tikz@expandcount=\count106

(D:\CTEX\MiKTeX\tex\generic\pgf\frontendlayer\tikz\libraries\tikzlibrarytopaths
.code.tex
File: tikzlibrarytopaths.code.tex 2008/06/17 v2.10 (rcs-revision 1.2)
))) (D:\CTEX\MiKTeX\tex\latex\fontspec\fontspec.sty
Package: fontspec 2011/09/18 v2.2a Advanced font selection for XeLaTeX/LuaLaTeX


(D:\CTEX\MiKTeX\tex\latex\l3kernel\expl3.sty
(D:\CTEX\MiKTeX\tex\latex\l3kernel\l3names.sty
(D:\CTEX\MiKTeX\tex\latex\l3kernel\l3bootstrap.sty
Package: l3bootstrap 2011/12/29 v3110 L3 Experimental bootstrap code
)
Package: l3names 2011/12/30 v3113 L3 Experimental namespace for primitives
)
(D:\CTEX\MiKTeX\tex\latex\misc\etex.sty
Package: etex 1998/03/26 v2.0 eTeX basic definition package (PEB)
\et@xins=\count107
)
Package: expl3 2012/02/26 v3471 L3 Experimental code bundle wrapper

(D:\CTEX\MiKTeX\tex\latex\l3kernel\l3basics.sty
Package: l3basics 2012/02/26 v3460 L3 Experimental basic definitions
)
(D:\CTEX\MiKTeX\tex\latex\l3kernel\l3expan.sty
Package: l3expan 2012/02/26 v3460 L3 Experimental argument expansion
)
(D:\CTEX\MiKTeX\tex\latex\l3kernel\l3tl.sty
Package: l3tl 2012/02/26 v3460 L3 Experimental token lists
)
(D:\CTEX\MiKTeX\tex\latex\l3kernel\l3seq.sty
Package: l3seq 2012/01/09 v3158 L3 Experimental sequences and stacks
)
(D:\CTEX\MiKTeX\tex\latex\l3kernel\l3int.sty
Package: l3int 2012/02/26 v3460 L3 Experimental integers
\c_max_int=\count108
\l_tmpa_int=\count109
\l_tmpb_int=\count110
\l_tmpc_int=\count111
\g_tmpa_int=\count112
\g_tmpb_int=\count113
)
(D:\CTEX\MiKTeX\tex\latex\l3kernel\l3quark.sty
Package: l3quark 2012/02/12 v3384 L3 Experimental quarks
)
(D:\CTEX\MiKTeX\tex\latex\l3kernel\l3prg.sty
Package: l3prg 2012/02/26 v3464 L3 Experimental control structures
\g_prg_map_int=\count114
)
(D:\CTEX\MiKTeX\tex\latex\l3kernel\l3clist.sty
Package: l3clist 2012/02/26 v3460 L3 Experimental comma separated lists
)
(D:\CTEX\MiKTeX\tex\latex\l3kernel\l3token.sty
Package: l3token 2012/02/26 v3460 L3 Experimental token manipulation
)
(D:\CTEX\MiKTeX\tex\latex\l3kernel\l3prop.sty
Package: l3prop 2012/02/26 v3460 L3 Experimental property lists
)
(D:\CTEX\MiKTeX\tex\latex\l3kernel\l3msg.sty
Package: l3msg 2012/02/26 v3470 L3 Experimental messages
)
(D:\CTEX\MiKTeX\tex\latex\l3kernel\l3file.sty
Package: l3file 2012/02/26 v3464 L3 Experimental file and I/O operations
\l_iow_stream_int=\count115
\l_iow_line_length_int=\count116
\l_iow_target_length_int=\count117
\l_iow_current_line_int=\count118
\l_iow_current_word_int=\count119
\l_iow_current_indentation_int=\count120
)
(D:\CTEX\MiKTeX\tex\latex\l3kernel\l3skip.sty
Package: l3skip 2012/02/26 v3460 L3 Experimental dimensions and skips
\l_tmpa_dim=\dimen148
\l_tmpb_dim=\dimen149
\l_tmpc_dim=\dimen150
\g_tmpa_dim=\dimen151
\g_tmpb_dim=\dimen152
\l_tmpa_skip=\skip43
\l_tmpb_skip=\skip44
\l_tmpc_skip=\skip45
\g_tmpa_skip=\skip46
\g_tmpb_skip=\skip47
)
(D:\CTEX\MiKTeX\tex\latex\l3kernel\l3keys.sty
Package: l3keys 2011/12/22 v3086 L3 Experimental key-value interfaces
\g_keyval_level_int=\count121
\l_keys_choice_int=\count122
)
(D:\CTEX\MiKTeX\tex\latex\l3kernel\l3fp.sty
Package: l3fp 2012/02/06 v3315 L3 Experimental floating-point operations
\c_one_hundred_million=\count123
\c_five_hundred_million=\count124
\c_one_thousand_million=\count125
\c_fp_pi_by_four_decimal_int=\count126
\c_fp_pi_by_four_extended_int=\count127
\c_fp_pi_decimal_int=\count128
\c_fp_pi_extended_int=\count129
\c_fp_two_pi_decimal_int=\count130
\c_fp_two_pi_extended_int=\count131
\l_fp_count_int=\count132
\l_fp_div_offset_int=\count133
\l_fp_exp_integer_int=\count134
\l_fp_exp_decimal_int=\count135
\l_fp_exp_extended_int=\count136
\l_fp_exp_exponent_int=\count137
\l_fp_input_a_sign_int=\count138
\l_fp_input_a_integer_int=\count139
\l_fp_input_a_decimal_int=\count140
\l_fp_input_a_exponent_int=\count141
\l_fp_input_b_sign_int=\count142
\l_fp_input_b_integer_int=\count143
\l_fp_input_b_decimal_int=\count144
\l_fp_input_b_exponent_int=\count145
\l_fp_input_a_extended_int=\count146
\l_fp_input_b_extended_int=\count147
\l_fp_mul_a_i_int=\count148
\l_fp_mul_a_ii_int=\count149
\l_fp_mul_a_iii_int=\count150
\l_fp_mul_a_iv_int=\count151
\l_fp_mul_a_v_int=\count152
\l_fp_mul_a_vi_int=\count153
\l_fp_mul_b_i_int=\count154
\l_fp_mul_b_ii_int=\count155
\l_fp_mul_b_iii_int=\count156
\l_fp_mul_b_iv_int=\count157
\l_fp_mul_b_v_int=\count158
\l_fp_mul_b_vi_int=\count159
\l_fp_mul_output_int=\count160
\l_fp_output_sign_int=\count161
\l_fp_output_integer_int=\count162
\l_fp_output_decimal_int=\count163
\l_fp_output_exponent_int=\count164
\l_fp_output_extended_int=\count165
\l_fp_round_position_int=\count166
\l_fp_round_target_int=\count167
\l_fp_split_sign_int=\count168
\l_fp_internal_int=\count169
\l_fp_trig_octant_int=\count170
\l_fp_trig_sign_int=\count171
\l_fp_trig_decimal_int=\count172
\l_fp_trig_extended_int=\count173
\l_fp_internal_dim=\dimen153
\l_fp_internal_skip=\skip48
)
(D:\CTEX\MiKTeX\tex\latex\l3kernel\l3box.sty
Package: l3box 2012/02/18 v3432 L3 Experimental boxes
\l_tmpb_box=\box35
\l_box_top_dim=\dimen154
\l_box_bottom_dim=\dimen155
\l_box_left_dim=\dimen156
\l_box_right_dim=\dimen157
\l_box_top_new_dim=\dimen158
\l_box_bottom_new_dim=\dimen159
\l_box_left_new_dim=\dimen160
\l_box_right_new_dim=\dimen161
\l_box_internal_box=\box36
)
(D:\CTEX\MiKTeX\tex\latex\l3kernel\l3coffins.sty
Package: l3coffins 2012/02/26 v3460 L3 Experimental coffin code layer
\l_coffin_internal_box=\box37
\l_coffin_internal_dim=\dimen162
\l_coffin_offset_x_dim=\dimen163
\l_coffin_offset_y_dim=\dimen164
\l_coffin_x_dim=\dimen165
\l_coffin_y_dim=\dimen166
\l_coffin_x_prime_dim=\dimen167
\l_coffin_y_prime_dim=\dimen168
\l_coffin_Depth_dim=\dimen169
\l_coffin_Height_dim=\dimen170
\l_coffin_TotalHeight_dim=\dimen171
\l_coffin_Width_dim=\dimen172
\c_empty_coffin=\box38
\l_coffin_aligned_coffin=\box39
\l_coffin_aligned_internal_coffin=\box40
\l_coffin_bounding_shift_dim=\dimen173
\l_coffin_left_corner_dim=\dimen174
\l_coffin_right_corner_dim=\dimen175
\l_coffin_bottom_corner_dim=\dimen176
\l_coffin_top_corner_dim=\dimen177
\l_coffin_scaled_total_height_dim=\dimen178
\l_coffin_scaled_width_dim=\dimen179
\l_coffin_display_coffin=\box41
\l_coffin_display_coord_coffin=\box42
\l_coffin_display_pole_coffin=\box43
\l_coffin_display_offset_dim=\dimen180
\l_coffin_display_x_dim=\dimen181
\l_coffin_display_y_dim=\dimen182
)
(D:\CTEX\MiKTeX\tex\latex\l3kernel\l3color.sty
Package: l3color 2011/09/07 v2776 L3 Experimental colour support
)
(D:\CTEX\MiKTeX\tex\latex\l3kernel\l3luatex.sty
Package: l3luatex 2012/02/09 v3355 L3 Experimental LuaTeX-specific functions
\g_cctab_allocate_int=\count174
\g_cctab_stack_int=\count175
))
(D:\CTEX\MiKTeX\tex\latex\l3packages\xparse\xparse.sty
Package: xparse 2012/02/26 v3471 L3 Experimental document command parser
\l_xparse_current_arg_int=\count176
\l_xparse_m_args_int=\count177
\l_xparse_mandatory_args_int=\count178
\l_xparse_processor_int=\count179
\l_xparse_v_nesting_int=\count180
)
\l_fontspec_script_int=\count181
\l_fontspec_language_int=\count182
\l_fontspec_strnum_int=\count183
\l_fontspec_tmpa_dim=\dimen183
\l_fontspec_tmpb_dim=\dimen184
\l_fontspec_tmpc_dim=\dimen185
Variant \tl_gset:cV already defined; not changing it on line 66

(D:\CTEX\MiKTeX\tex\latex\fontspec\fontspec-patches.sty
Package: fontspec-patches 2011/09/18 v2.2a Advanced font selection for XeLaTeX/
LuaLaTeX

(D:\CTEX\MiKTeX\tex\latex\base\fixltx2e.sty
Package: fixltx2e 2006/09/13 v1.1m fixes to LaTeX
LaTeX Info: Redefining \em on input line 420.
)
LaTeX Info: Redefining \em on input line 22.
LaTeX Info: Redefining \emph on input line 29.
LaTeX Info: Redefining \- on input line 32.

*************************************************
* LaTeX warning: "xparse/redefine-command"
* 
* Redefining document command \oldstylenums with arg. spec. 'm' on line 107.
*************************************************
.................................................
. LaTeX info: "xparse/define-command"
. 
. Defining document command \liningnums with arg. spec. 'm' on line 111.
.................................................
) (D:\CTEX\MiKTeX\tex\latex\fontspec\fontspec-xetex.sty
Package: fontspec-xetex 2011/09/18 v2.2a Advanced font selection for XeLaTeX/Lu
aLaTeX

(D:\CTEX\MiKTeX\tex\latex\base\fontenc.sty
Package: fontenc 2005/09/27 v1.99g Standard LaTeX package

(D:\CTEX\MiKTeX\tex\latex\euenc\eu1enc.def
File: eu1enc.def 2010/05/27 v0.1h Experimental Unicode font encodings
)
LaTeX Font Info:    Try loading font information for EU1+lmr on input line 100.


(D:\CTEX\MiKTeX\tex\latex\euenc\eu1lmr.fd
File: eu1lmr.fd 2009/10/30 v1.6 Font defs for Latin Modern
))
(D:\CTEX\MiKTeX\tex\xelatex\xunicode\xunicode.sty
File: xunicode.sty 2011/09/09 v0.981 provides access to latin accents and many 
other characters in Unicode lower plane

(D:\CTEX\MiKTeX\tex\latex\tipa\t3enc.def
File: t3enc.def 2001/12/31 T3 encoding
LaTeX Font Info:    Try loading font information for EU1+lmss on input line 357
.

(D:\CTEX\MiKTeX\tex\latex\euenc\eu1lmss.fd
File: eu1lmss.fd 2009/10/30 v1.6 Font defs for Latin Modern
))
\tipaTiiicode=\count184
\tipasavetokens=\toks24
\tipachecktokens=\toks25
)
.................................................
. LaTeX info: "xparse/define-command"
. 
. Defining document command \fontspec with arg. spec. 'O{}m' on line 39.
.................................................
.................................................
. LaTeX info: "xparse/define-command"
. 
. Defining document command \setmainfont with arg. spec. 'O{}m' on line 43.
.................................................
.................................................
. LaTeX info: "xparse/define-command"
. 
. Defining document command \setsansfont with arg. spec. 'O{}m' on line 47.
.................................................
.................................................
. LaTeX info: "xparse/define-command"
. 
. Defining document command \setmonofont with arg. spec. 'O{}m' on line 51.
.................................................
.................................................
. LaTeX info: "xparse/define-command"
. 
. Defining document command \setmathrm with arg. spec. 'O{}m' on line 59.
.................................................
.................................................
. LaTeX info: "xparse/define-command"
. 
. Defining document command \setboldmathrm with arg. spec. 'O{}m' on line 62.
.................................................
.................................................
. LaTeX info: "xparse/define-command"
. 
. Defining document command \setmathsf with arg. spec. 'O{}m' on line 65.
.................................................
.................................................
. LaTeX info: "xparse/define-command"
. 
. Defining document command \setmathtt with arg. spec. 'O{}m' on line 68.
.................................................
.................................................
. LaTeX info: "xparse/define-command"
. 
. Defining document command \newfontfamily with arg. spec. 'mO{}m' on line 84.
.................................................
.................................................
. LaTeX info: "xparse/define-command"
. 
. Defining document command \newfontface with arg. spec. 'mO{}m' on line 87.
.................................................
.................................................
. LaTeX info: "xparse/define-command"
. 
. Defining document command \defaultfontfeatures with arg. spec. 'm' on line
. 91.
.................................................
.................................................
. LaTeX info: "xparse/define-command"
. 
. Defining document command \addfontfeatures with arg. spec. 'm' on line 107.
.................................................
.................................................
. LaTeX info: "xparse/define-command"
. 
. Defining document command \newfontfeature with arg. spec. 'mm' on line 118.
.................................................
.................................................
. LaTeX info: "xparse/define-command"
. 
. Defining document command \newAATfeature with arg. spec. 'mmmm' on line 125.
.................................................
.................................................
. LaTeX info: "xparse/define-command"
. 
. Defining document command \newICUfeature with arg. spec. 'mmm' on line 132.
.................................................
.................................................
. LaTeX info: "xparse/define-command"
. 
. Defining document command \aliasfontfeature with arg. spec. 'mm' on line
. 159.
.................................................
.................................................
. LaTeX info: "xparse/define-command"
. 
. Defining document command \aliasfontfeatureoption with arg. spec. 'mmm' on
. line 164.
.................................................
.................................................
. LaTeX info: "xparse/define-command"
. 
. Defining document command \newfontscript with arg. spec. 'mm' on line 169.
.................................................
.................................................
. LaTeX info: "xparse/define-command"
. 
. Defining document command \newfontlanguage with arg. spec. 'mm' on line 192.
.................................................
.................................................
. LaTeX info: "xparse/define-command"
. 
. Defining document command \DeclareFontsExtensions with arg. spec. 'm' on
. line 211.
.................................................
Variant \prop_gput:cnV already defined; not changing it on line 485
Variant \prop_gput:cnx already defined; not changing it on line 486
Variant \keys_set:nx already defined; not changing it on line 963
\c@fontspec_tmp_int=\count185
LaTeX Info: Redefining \itshape on input line 1881.
LaTeX Info: Redefining \slshape on input line 1885.
LaTeX Info: Redefining \scshape on input line 1889.
LaTeX Info: Redefining \upshape on input line 1893.

(D:\CTEX\MiKTeX\tex\latex\fontspec\fontspec.cfg)))
(D:\CTEX\MiKTeX\tex\latex\booktabs\booktabs.sty
Package: booktabs 2005/04/14 v1.61803 publication quality tables
\heavyrulewidth=\dimen186
\lightrulewidth=\dimen187
\cmidrulewidth=\dimen188
\belowrulesep=\dimen189
\belowbottomsep=\dimen190
\aboverulesep=\dimen191
\abovetopsep=\dimen192
\cmidrulesep=\dimen193
\cmidrulekern=\dimen194
\defaultaddspace=\dimen195
\@cmidla=\count186
\@cmidlb=\count187
\@aboverulesep=\dimen196
\@belowrulesep=\dimen197
\@thisruleclass=\count188
\@lastruleclass=\count189
\@thisrulewidth=\dimen198
)
.................................................
. fontspec info: "no-scripts"
. 
. Font SimSun does not contain any OpenType `Script' information.
.................................................
\g_fontspec_family_SimSun_int=\count190
.................................................
. fontspec info: "no-font-shape"
. 
. Could not resolve font SimSun/B (it probably doesn't exist).
.................................................
.................................................
. fontspec info: "no-font-shape"
. 
. Could not resolve font SimSun/I (it probably doesn't exist).
.................................................
.................................................
. fontspec info: "no-font-shape"
. 
. Could not resolve font SimSun/BI (it probably doesn't exist).
.................................................
.................................................
. fontspec info: "defining-font"
. 
. Font family 'SimSun(0)' created for font 'SimSun' with options [].
. 
. This font family consists of the following shapes:
. 
. * 'normal' with NFSS spec.:
. <->"SimSun/ICU:"
.................................................

(D:\CTEX\MiKTeX\tex\generic\pgf\frontendlayer\tikz\libraries\tikzlibrarypositio
ning.code.tex
File: tikzlibrarypositioning.code.tex 2008/10/06 v2.10 (rcs-revision 1.7)
) (D:\Job\blog\blog2\AloneTable.aux)
LaTeX Font Info:    Checking defaults for OML/cmm/m/it on input line 9.
LaTeX Font Info:    ... okay on input line 9.
LaTeX Font Info:    Checking defaults for T1/cmr/m/n on input line 9.
LaTeX Font Info:    ... okay on input line 9.
LaTeX Font Info:    Checking defaults for OT1/cmr/m/n on input line 9.
LaTeX Font Info:    ... okay on input line 9.
LaTeX Font Info:    Checking defaults for OMS/cmsy/m/n on input line 9.
LaTeX Font Info:    ... okay on input line 9.
LaTeX Font Info:    Checking defaults for OMX/cmex/m/n on input line 9.
LaTeX Font Info:    ... okay on input line 9.
LaTeX Font Info:    Checking defaults for U/cmr/m/n on input line 9.
LaTeX Font Info:    ... okay on input line 9.
LaTeX Font Info:    Checking defaults for EU1/lmr/m/n on input line 9.
LaTeX Font Info:    ... okay on input line 9.
LaTeX Font Info:    Checking defaults for T3/cmr/m/n on input line 9.
LaTeX Font Info:    Try loading font information for T3+cmr on input line 9.

(D:\CTEX\MiKTeX\tex\latex\tipa\t3cmr.fd
File: t3cmr.fd 2001/12/31 TIPA font definitions
)
LaTeX Font Info:    ... okay on input line 9.
 ABD: EveryShipout initializing macros
.................................................
. fontspec info: "setup-math"
. 
. Adjusting the maths setup (use [no-math] to avoid this).
.................................................
\symlegacymaths=\mathgroup4
LaTeX Font Info:    Overwriting symbol font `legacymaths' in version `bold'
(Font)                  OT1/cmr/m/n --> OT1/cmr/bx/n on input line 9.
LaTeX Font Info:    Redeclaring math accent \acute on input line 9.
LaTeX Font Info:    Redeclaring math accent \grave on input line 9.
LaTeX Font Info:    Redeclaring math accent \ddot on input line 9.
LaTeX Font Info:    Redeclaring math accent \tilde on input line 9.
LaTeX Font Info:    Redeclaring math accent \bar on input line 9.
LaTeX Font Info:    Redeclaring math accent \breve on input line 9.
LaTeX Font Info:    Redeclaring math accent \check on input line 9.
LaTeX Font Info:    Redeclaring math accent \hat on input line 9.
LaTeX Font Info:    Redeclaring math accent \dot on input line 9.
LaTeX Font Info:    Redeclaring math accent \mathring on input line 9.
LaTeX Font Info:    Redeclaring math symbol \colon on input line 9.
LaTeX Font Info:    Redeclaring math symbol \Gamma on input line 9.
LaTeX Font Info:    Redeclaring math symbol \Delta on input line 9.
LaTeX Font Info:    Redeclaring math symbol \Theta on input line 9.
LaTeX Font Info:    Redeclaring math symbol \Lambda on input line 9.
LaTeX Font Info:    Redeclaring math symbol \Xi on input line 9.
LaTeX Font Info:    Redeclaring math symbol \Pi on input line 9.
LaTeX Font Info:    Redeclaring math symbol \Sigma on input line 9.
LaTeX Font Info:    Redeclaring math symbol \Upsilon on input line 9.
LaTeX Font Info:    Redeclaring math symbol \Phi on input line 9.
LaTeX Font Info:    Redeclaring math symbol \Psi on input line 9.
LaTeX Font Info:    Redeclaring math symbol \Omega on input line 9.
LaTeX Font Info:    Redeclaring math symbol \mathdollar on input line 9.
LaTeX Font Info:    Redeclaring symbol font `operators' on input line 9.
LaTeX Font Info:    Encoding `OT1' has changed to `EU1' for symbol font
(Font)              `operators' in the math version `normal' on input line 9.
LaTeX Font Info:    Overwriting symbol font `operators' in version `normal'
(Font)                  OT1/cmr/m/n --> EU1/SimSun(0)/m/n on input line 9.
LaTeX Font Info:    Encoding `OT1' has changed to `EU1' for symbol font
(Font)              `operators' in the math version `bold' on input line 9.
LaTeX Font Info:    Overwriting symbol font `operators' in version `bold'
(Font)                  OT1/cmr/bx/n --> EU1/SimSun(0)/m/n on input line 9.
LaTeX Font Info:    Overwriting symbol font `operators' in version `normal'
(Font)                  EU1/SimSun(0)/m/n --> EU1/SimSun(0)/m/n on input line 9
.
LaTeX Font Info:    Overwriting math alphabet `\mathrm' in version `normal'
(Font)                  EU1/SimSun(0)/m/n --> EU1/SimSun(0)/m/n on input line 9
.
LaTeX Font Info:    Overwriting math alphabet `\mathit' in version `normal'
(Font)                  OT1/cmr/m/it --> EU1/SimSun(0)/m/it on input line 9.
LaTeX Font Info:    Overwriting math alphabet `\mathbf' in version `normal'
(Font)                  OT1/cmr/bx/n --> EU1/SimSun(0)/bx/n on input line 9.
LaTeX Font Info:    Overwriting math alphabet `\mathsf' in version `normal'
(Font)                  OT1/cmss/m/n --> EU1/lmss/m/n on input line 9.
LaTeX Font Info:    Overwriting math alphabet `\mathtt' in version `normal'
(Font)                  OT1/cmtt/m/n --> EU1/lmtt/m/n on input line 9.
LaTeX Font Info:    Overwriting symbol font `operators' in version `bold'
(Font)                  EU1/SimSun(0)/m/n --> EU1/SimSun(0)/bx/n on input line 
9.
LaTeX Font Info:    Overwriting math alphabet `\mathrm' in version `bold'
(Font)                  EU1/SimSun(0)/m/n --> EU1/SimSun(0)/bx/n on input line 
9.
LaTeX Font Info:    Overwriting math alphabet `\mathit' in version `bold'
(Font)                  OT1/cmr/bx/it --> EU1/SimSun(0)/bx/it on input line 9.
LaTeX Font Info:    Overwriting math alphabet `\mathsf' in version `bold'
(Font)                  OT1/cmss/bx/n --> EU1/lmss/bx/n on input line 9.
LaTeX Font Info:    Overwriting math alphabet `\mathtt' in version `bold'
(Font)                  OT1/cmtt/m/n --> EU1/lmtt/bx/n on input line 9.
LaTeX Font Info:    External font `cmex10' loaded for size
(Font)              <12> on input line 17.
LaTeX Font Info:    External font `cmex10' loaded for size
(Font)              <8> on input line 17.
LaTeX Font Info:    External font `cmex10' loaded for size
(Font)              <6> on input line 17.

[1

] (D:\Job\blog\blog2\AloneTable.aux) ) 
Here is how much of TeX's memory you used:
 21490 strings out of 430478
 449300 string characters out of 3191502
 428293 words of memory out of 3000000
 24364 multiletter control sequences out of 15000+200000
 6456 words of font info for 33 fonts, out of 3000000 for 9000
 14 hyphenation exceptions out of 8191
 56i,8n,55p,579b,495s stack positions out of 5000i,500n,10000p,200000b,50000s

Output written on AloneTable.pdf (1 page).
